<?xml version="1.0" encoding="UTF-8"?>
<!-- Generated by org.testng.reporters.JUnitXMLReporter -->
<testsuite hostname="DESKTOP-2H7LN3B" ignored="4" name="Test" tests="3" failures="0" timestamp="13 Feb 2020 01:42:01 GMT" time="50.81" errors="0">
  <testcase name="TC_AT_LoginLogout_ValidTest" time="15.853" classname="com.actitime.loginlogout.TC_AT_LoginLogout_Valid"/>
  <testcase name="TC_AT_LoginLogout_InValid_Test" time="11.712" classname="com.actitime.loginlogout.TC_AT_LoginLogout_InValid"/>
  <testcase name="TC_Customer_Create_Valid_Test" time="23.198" classname="com.actitime.customer.TC_Customer_Create_Valid"/>
  <testcase name="@BeforeSuite preCondition" time="0.0" classname="com.actitime.utilities.Config">
    <ignored/>
  </testcase> <!-- @BeforeSuite preCondition -->
  <testcase name="@BeforeSuite preCondition" time="0.0" classname="com.actitime.utilities.Config">
    <ignored/>
  </testcase> <!-- @BeforeSuite preCondition -->
  <testcase name="@AfterSuite afterSuiteMethod" time="0.0" classname="com.actitime.utilities.Config">
    <ignored/>
  </testcase> <!-- @AfterSuite afterSuiteMethod -->
  <testcase name="@AfterSuite afterSuiteMethod" time="0.0" classname="com.actitime.utilities.Config">
    <ignored/>
  </testcase> <!-- @AfterSuite afterSuiteMethod -->
</testsuite> <!-- Test -->
